Wed Mar 22 20:12:04 GMT 2017 : Apache Derby Network Server - 10.11.1.2 - (1629631) started and ready to accept connections on port 1527
----------------------------------------------------------------
Wed Mar 22 20:12:05 GMT 2017:
Booting Derby version The Apache Software Foundation - Apache Derby - 10.11.1.2 - (1629631): instance a816c00e-015a-f7a5-d540-ffffe023c020 
on database directory C:\Users\Dimit\Documents\NetBeansProjects\p22-3\glidingdb with class loader sun.misc.Launcher$AppClassLoader@1d44bcfa 
Loaded from file:/C:/Program%20Files/Java/jdk1.8.0_101/db/lib/derby.jar
java.vendor=Oracle Corporation
java.runtime.version=1.8.0_101-b13
user.dir=C:\Program Files\Java\jdk1.8.0_101\db
os.name=Windows 10
os.arch=amd64
os.version=10.0
derby.system.home=C:\Users\Dimit\Documents\NetBeansProjects\p22-3
Database Class Loader started - derby.database.classpath=''
----------------------------------------------------------------
Thu Mar 23 00:13:02 GMT 2017: Shutting down Derby engine
----------------------------------------------------------------
Thu Mar 23 00:13:02 GMT 2017:
Shutting down instance a816c00e-015a-f7a5-d540-ffffe023c020 on database directory C:\Users\Dimit\Documents\NetBeansProjects\p22-3\glidingdb with class loader sun.misc.Launcher$AppClassLoader@1d44bcfa 
----------------------------------------------------------------
